MPASM 5.87                     INICIALES.ASM   3-24-2021  22:00:18         PAGE  1


LOC  OBJECT CODE     LINE SOURCE TEXT
  VALUE

                      00001 #include "p16F887.inc"   ; TODO INSERT CONFIG CODE HERE USING CONFIG BITS GENERATOR
                      00001         LIST
                      00002 
                      00003 ;==========================================================================
                      00004 ; Build date : Jan 06 2020
                      00005 ;  MPASM PIC16F887 processor include
                      00006 ; 
                      00007 ;  (c) Copyright 1999-2020 Microchip Technology, All rights reserved
                      00008 ;==========================================================================
                      00009 
                      00810         LIST
2007   2CF4           00002         __CONFIG        _CONFIG1,       _INTRC_OSC_NOCLKOUT & _WDT_OFF & _PWRTE_OFF & _MCLRE_ON & _CP_OF
                            F & _CPD_OFF & _BOR_OFF & _IESO_ON & _FCMEN_ON & _LVP_OFF 
2008   3FFF           00003         __CONFIG        _CONFIG2,       _BOR40V & _WRT_OFF
                      00004 
                      00005 RES_VECT  CODE    0x0000            ; processor reset vector
0000   2???           00006     GOTO    START                   ; go to beginning of program
                      00007 
                      00008 MAIN_PROG CODE                      ; let linker place main program
  00000020            00009 I EQU 0x20
  00000021            00010 J EQU 0x21
  00000022            00011 K EQU 0x22
  00000023            00012 CONT EQU 0x23
  00000030            00013 L EQU 0x30
  00000031            00014 M EQU 0x31
  00000032            00015 N EQU 0x32
  00000040            00016 i equ 0x40
  00000042            00017 j equ 0x42
  00000044            00018 k equ 0x44
  00000045            00019 c equ 0x45
                      00020  
                      00021  
0000                  00022 START
                      00023 
0000   1283 1303      00024     BANKSEL PORTA ;
0002   0185           00025     CLRF PORTA ;Init PORTA
0003   1683 1703      00026     BANKSEL ANSEL ;
Message[302]: Register in operand not in bank 0.  Ensure that bank bits are correct.
0005   0188           00027     CLRF ANSEL ;digital I/O
Message[302]: Register in operand not in bank 0.  Ensure that bank bits are correct.
0006   0189           00028     CLRF ANSELH
0007   1683 1303      00029     BANKSEL TRISA ;
Message[302]: Register in operand not in bank 0.  Ensure that bank bits are correct.
0009   0185           00030     CLRF TRISA
Message[302]: Register in operand not in bank 0.  Ensure that bank bits are correct.
000A   0186           00031     CLRF TRISB
Message[302]: Register in operand not in bank 0.  Ensure that bank bits are correct.
000B   0187           00032     CLRF TRISC
Message[302]: Register in operand not in bank 0.  Ensure that bank bits are correct.
000C   0188           00033     CLRF TRISD
Message[302]: Register in operand not in bank 0.  Ensure that bank bits are correct.
000D   0189           00034     CLRF TRISE
000E   1303           00035     BCF STATUS,RP1
MPASM 5.87                     INICIALES.ASM   3-24-2021  22:00:18         PAGE  2


LOC  OBJECT CODE     LINE SOURCE TEXT
  VALUE

000F   1283           00036     BCF STATUS,RP0
0010   0185           00037     CLRF PORTA
0011   0186           00038     CLRF PORTB
0012   0187           00039     CLRF PORTC
0013   0188           00040     CLRF PORTD
0014   0189           00041     CLRF PORTE
0015   3032           00042     MOVLW D'50'
0016   00C5           00043     MOVWF c
0017                  00044 INICIO:
Warning[207]: Found label after column 1. (LETRA1)
0017                  00045     LETRA1:
                      00046     ;1                  ;A
0017   307F           00047     MOVLW B'01111111'
0018   0086           00048     MOVWF PORTB ;LINEAS
0019   301C           00049     MOVLW B'00011100'
001A   0088           00050     MOVWF PORTD ;COLUMNAS
001B   2???           00051     CALL DELAY1 
                      00052    
                      00053     ;2                  ;A
001C   3080           00054     MOVLW B'10000000'
001D   0086           00055     MOVWF PORTB ;LINEAS
001E   3022           00056     MOVLW B'00100010'
001F   0088           00057     MOVWF PORTD ;COLUMNAS
0020   2???           00058     CALL DELAY1
                      00059     
                      00060     ;3                  ;A
0021   30DF           00061     MOVLW B'11011111';LINEAS
0022   0086           00062     MOVWF PORTB
0023   303E           00063     MOVLW B'00111110';COLUMNAS
0024   0088           00064     MOVWF PORTD
0025   2???           00065     CALL DELAY1 
                      00066     
                      00067     ;///////ESPERA
                      00068     ;///////ESPERA
0026   0BC5           00069     DECFSZ c,1
0027   2???           00070     GOTO LETRA1
0028   3032           00071     MOVLW D'50'
0029   00C5           00072     MOVWF c
Warning[207]: Found label after column 1. (LETRA2)
002A                  00073     LETRA2:
                      00074       ;///////ESPERA G
002A   307F           00075     MOVLW B'01111111';LINEAS
002B   0086           00076     MOVWF PORTB
002C   303C           00077     MOVLW B'00111100';COLUMNA
002D   0088           00078     MOVWF PORTD
002E   2???           00079     CALL DELAY1
                      00080     ;/////////////////////////////
                      00081     ;5                  G
002F   3081           00082     MOVLW B'10000001';LINEAS
0030   0086           00083     MOVWF PORTB
0031   3040           00084     MOVLW B'01000000';COLUMNA
0032   0088           00085     MOVWF PORTD
0033   2???           00086     CALL DELAY1
MPASM 5.87                     INICIALES.ASM   3-24-2021  22:00:18         PAGE  3


LOC  OBJECT CODE     LINE SOURCE TEXT
  VALUE

                      00087     ;6                    G
0034   30FE           00088     MOVLW B'11111110'
0035   0086           00089     MOVWF PORTB;LINEAS
0036   303C           00090     MOVLW B'00111100'
0037   0088           00091     MOVWF PORTD;COLUMNA
0038   2???           00092     CALL DELAY1
                      00093     ;7                      G
0039   30F9           00094     MOVLW B'11111001'
003A   0086           00095     MOVWF PORTB;LINEAS
003B   3004           00096     MOVLW B'00000100'
003C   0088           00097     MOVWF PORTD;COLUMNA
003D   2???           00098     CALL DELAY1
                      00099     ;8              G
003E   30F7           00100     MOVLW B'11110111'
003F   0086           00101     MOVWF PORTB;LINEAS
0040   303C           00102     MOVLW B'00111100'
0041   0088           00103     MOVWF PORTD;COLUMNA
0042   2???           00104     CALL DELAY1
                      00105     
                      00106     ;///////ESPERA
0043   0BC5           00107     DECFSZ c,1
0044   2???           00108     GOTO LETRA2
0045   3032           00109     MOVLW D'50'
0046   00C5           00110     MOVWF c
Warning[207]: Found label after column 1. (LETRA3)
0047                  00111     LETRA3:
                      00112     ;/////////////////////////////
0047   307F           00113      MOVLW B'01111111';LINEAS C
0048   0086           00114     MOVWF PORTB
0049   303C           00115     MOVLW B'00111100';COLUMNA
004A   0088           00116     MOVWF PORTD
004B   2???           00117     CALL DELAY1
                      00118     ;/////////////////////////////
                      00119     ;5                  C
004C   3081           00120     MOVLW B'10000001';LINEAS C
004D   0086           00121     MOVWF PORTB
004E   3040           00122     MOVLW B'01000000';COLUMNA
004F   0088           00123     MOVWF PORTD
0050   2???           00124     CALL DELAY1
                      00125     ;6                    C
0051   30FE           00126     MOVLW B'11111110'
0052   0086           00127     MOVWF PORTB;LINEAS
0053   303C           00128     MOVLW B'00111100'
0054   0088           00129     MOVWF PORTD;COLUMNA
0055   2???           00130     CALL DELAY1
                      00131    
                      00132     ;///////ESPERA
0056   0BC5           00133     DECFSZ c,1
0057   2???           00134     GOTO LETRA3
0058   3032           00135     MOVLW D'50'
0059   00C5           00136     MOVWF c
Warning[207]: Found label after column 1. (LETRA4)
005A                  00137     LETRA4:
MPASM 5.87                     INICIALES.ASM   3-24-2021  22:00:18         PAGE  4


LOC  OBJECT CODE     LINE SOURCE TEXT
  VALUE

                      00138     ;/////////////////////////////
005A   307F           00139      MOVLW B'01111111';LINEAS C
005B   0086           00140     MOVWF PORTB
005C   303C           00141     MOVLW B'00111100';COLUMNA
005D   0088           00142     MOVWF PORTD
005E   2???           00143     CALL DELAY1
                      00144     ;/////////////////////////////
                      00145     ;5                  C
005F   3081           00146     MOVLW B'10000001';LINEAS C
0060   0086           00147     MOVWF PORTB
0061   3040           00148     MOVLW B'01000000';COLUMNA
0062   0088           00149     MOVWF PORTD
0063   2???           00150     CALL DELAY1
                      00151     ;6                    C
0064   30FE           00152     MOVLW B'11111110'
0065   0086           00153     MOVWF PORTB;LINEAS
0066   303C           00154     MOVLW B'00111100'
0067   0088           00155     MOVWF PORTD;COLUMNA
0068   2???           00156     CALL DELAY1
                      00157    
                      00158     ;///////ESPERA
0069   0BC5           00159     DECFSZ c,1
006A   2???           00160     GOTO LETRA4
006B   3032           00161     MOVLW D'50'
006C   00C5           00162     MOVWF c
006D   2???           00163     goto INICIO
006E                  00164 DELAY2:
Warning[203]: Found opcode in column 1. (NOP)
006E   0000           00165 NOP ;NOPs de relleno (ajuste de tiempo)
Warning[203]: Found opcode in column 1. (NOP)
006F   0000           00166 NOP
Warning[203]: Found opcode in column 1. (MOVLW)
0070   301E           00167 MOVLW D'30'
Warning[203]: Found opcode in column 1. (MOVWF)
0071   00B0           00168 MOVWF L
0072                  00169 LLOOP:
Warning[203]: Found opcode in column 1. (NOP)
0072   0000           00170 NOP
Warning[203]: Found opcode in column 1. (NOP)
0073   0000           00171 NOP
Warning[203]: Found opcode in column 1. (NOP)
0074   0000           00172 NOP
Warning[203]: Found opcode in column 1. (NOP)
0075   0000           00173 NOP
Warning[203]: Found opcode in column 1. (NOP)
0076   0000           00174 NOP
Warning[203]: Found opcode in column 1. (MOVLW)
0077   3032           00175 MOVLW D'50'
Warning[203]: Found opcode in column 1. (MOVWF)
0078   00B1           00176 MOVWF M
0079                  00177 MLOOP:
Warning[203]: Found opcode in column 1. (NOP)
0079   0000           00178 NOP
MPASM 5.87                     INICIALES.ASM   3-24-2021  22:00:18         PAGE  5


LOC  OBJECT CODE     LINE SOURCE TEXT
  VALUE

Warning[203]: Found opcode in column 1. (MOVLW)
007A   303C           00179 MOVLW D'60'
Warning[203]: Found opcode in column 1. (MOVWF)
007B   00B2           00180 MOVWF N
Warning[203]: Found opcode in column 1. (NOP)
007C   0000           00181 NOP
007D                  00182 NLOOP:
Warning[203]: Found opcode in column 1. (DECFSZ)
007D   0BB2           00183 DECFSZ N,F
Warning[203]: Found opcode in column 1. (GOTO)
007E   2???           00184 GOTO NLOOP
Warning[203]: Found opcode in column 1. (DECFSZ)
007F   0BB1           00185 DECFSZ M,F
Warning[203]: Found opcode in column 1. (GOTO)
0080   2???           00186 GOTO MLOOP
Warning[203]: Found opcode in column 1. (DECFSZ)
0081   0BB0           00187 DECFSZ L,F
Warning[203]: Found opcode in column 1. (GOTO)
0082   2???           00188 GOTO LLOOP
Warning[203]: Found opcode in column 1. (RETURN)
0083   0008           00189 RETURN 
0084                  00190 TIEMPO:
Warning[203]: Found opcode in column 1. (MOVLW)
0084   3001           00191 MOVLW d'1'
Warning[203]: Found opcode in column 1. (MOVWF)
0085   00C0           00192 MOVWF i
0086                  00193 loopj:
Warning[203]: Found opcode in column 1. (MOVLW)
0086   3008           00194 MOVLW d'8'
Warning[203]: Found opcode in column 1. (MOVWF)
0087   00C2           00195 MOVWF j
0088                  00196 loopk:
Warning[203]: Found opcode in column 1. (MOVLW)
0088   30FA           00197 MOVLW d'250'
Warning[203]: Found opcode in column 1. (MOVWF)
0089   00C4           00198 MOVWF k
008A                  00199 loopi:
Warning[203]: Found opcode in column 1. (NOP)
008A   0000           00200 NOP
Warning[203]: Found opcode in column 1. (NOP)
008B   0000           00201 NOP
Warning[203]: Found opcode in column 1. (DECFSZ)
008C   0BC4           00202 DECFSZ k, 1
Warning[203]: Found opcode in column 1. (GOTO)
008D   2???           00203 GOTO loopi
Warning[203]: Found opcode in column 1. (DECFSZ)
008E   0BC2           00204 DECFSZ j, 1
Warning[203]: Found opcode in column 1. (GOTO)
008F   2???           00205 GOTO loopk
Warning[203]: Found opcode in column 1. (DECFSZ)
0090   0BC0           00206 DECFSZ i, 1
Warning[203]: Found opcode in column 1. (GOTO)
0091   2???           00207 GOTO loopj
MPASM 5.87                     INICIALES.ASM   3-24-2021  22:00:18         PAGE  6


LOC  OBJECT CODE     LINE SOURCE TEXT
  VALUE

Warning[203]: Found opcode in column 1. (RETURN)
0092   0008           00208 RETURN
                      00209 
0093                  00210 DELAY1:
0093   300A           00211     MOVLW D'10' 
0094   00A0           00212     MOVWF I
0095                  00213 ILOOP:
0095   0000           00214     NOP
0096   0000           00215     NOP
0097   3005           00216     MOVLW D'5'
0098   00A1           00217     MOVWF J
0099                  00218 JLOOP:
0099   0000           00219     NOP
009A   0000           00220     NOP
009B   300F           00221     MOVLW D'15' 
009C   00A2           00222     MOVWF K
009D                  00223 KLOOP:   
009D   0BA2           00224     DECFSZ K,F
009E   2???           00225     GOTO KLOOP
009F   0BA1           00226     DECFSZ J,F
00A0   2???           00227     GOTO JLOOP
00A1   0BA0           00228     DECFSZ I,F
00A2   2???           00229     GOTO ILOOP
00A3   3010           00230     MOVLW D'16'
00A4   00A1           00231     MOVWF J
00A5   0BA1           00232     DECFSZ J,F
00A6   2???           00233     GOTO $-1
00A7   0008           00234     RETURN 
2CF4 3FFF             00235     END
MPASM 5.87                     INICIALES.ASM   3-24-2021  22:00:18         PAGE  7


SYMBOL TABLE
  LABEL                             VALUE 

ABDEN                             00000000
ABDOVF                            00000007
ACKDT                             00000005
ACKEN                             00000004
ACKSTAT                           00000006
ADCON0                            0000001F
ADCON1                            0000009F
ADCS0                             00000006
ADCS1                             00000007
ADDEN                             00000003
ADFM                              00000007
ADIE                              00000006
ADIF                              00000006
ADON                              00000000
ADRESH                            0000001E
ADRESL                            0000009E
ANS0                              00000000
ANS1                              00000001
ANS10                             00000002
ANS11                             00000003
ANS12                             00000004
ANS13                             00000005
ANS2                              00000002
ANS3                              00000003
ANS4                              00000004
ANS5                              00000005
ANS6                              00000006
ANS7                              00000007
ANS8                              00000000
ANS9                              00000001
ANSEL                             00000188
ANSELH                            00000189
BAUDCTL                           00000187
BCLIE                             00000003
BCLIF                             00000003
BF                                00000000
BRG0                              00000000
BRG1                              00000001
BRG10                             00000002
BRG11                             00000003
BRG12                             00000004
BRG13                             00000005
BRG14                             00000006
BRG15                             00000007
BRG16                             00000003
BRG2                              00000002
BRG3                              00000003
BRG4                              00000004
BRG5                              00000005
BRG6                              00000006
BRG7                              00000007
BRG8                              00000000
BRG9                              00000001
MPASM 5.87                     INICIALES.ASM   3-24-2021  22:00:18         PAGE  8


SYMBOL TABLE
  LABEL                             VALUE 

BRGH                              00000002
C                                 00000000
C1CH0                             00000000
C1CH1                             00000001
C1IE                              00000005
C1IF                              00000005
C1OE                              00000005
C1ON                              00000007
C1OUT                             00000006
C1POL                             00000004
C1R                               00000002
C1RSEL                            00000005
C1SEN                             00000005
C2CH0                             00000000
C2CH1                             00000001
C2IE                              00000006
C2IF                              00000006
C2OE                              00000005
C2ON                              00000007
C2OUT                             00000006
C2POL                             00000004
C2R                               00000002
C2REN                             00000004
C2RSEL                            00000004
C2SYNC                            00000000
CCP1CON                           00000017
CCP1IE                            00000002
CCP1IF                            00000002
CCP1M0                            00000000
CCP1M1                            00000001
CCP1M2                            00000002
CCP1M3                            00000003
CCP1X                             00000005
CCP1Y                             00000004
CCP2CON                           0000001D
CCP2IE                            00000000
CCP2IF                            00000000
CCP2M0                            00000000
CCP2M1                            00000001
CCP2M2                            00000002
CCP2M3                            00000003
CCP2X                             00000005
CCP2Y                             00000004
CCPR1                             00000015
CCPR1H                            00000016
CCPR1L                            00000015
CCPR2                             0000001B
CCPR2H                            0000001C
CCPR2L                            0000001B
CHS0                              00000002
CHS1                              00000003
CHS2                              00000004
CHS3                              00000005
MPASM 5.87                     INICIALES.ASM   3-24-2021  22:00:18         PAGE  9


SYMBOL TABLE
  LABEL                             VALUE 

CKE                               00000006
CKP                               00000004
CM1CON0                           00000107
CM2CON0                           00000108
CM2CON1                           00000109
CONT                              00000023
CREN                              00000004
CSRC                              00000007
D                                 00000005
DATA_ADDRESS                      00000005
DC                                00000001
DC1B0                             00000004
DC1B1                             00000005
DC2B0                             00000004
DC2B1                             00000005
DELAY1                            00000093
DELAY2                            0000006E
D_A                               00000005
D_NOT_A                           00000005
ECCPAS                            0000009C
ECCPAS0                           00000004
ECCPAS1                           00000005
ECCPAS2                           00000006
ECCPASE                           00000007
EEADR                             0000010D
EEADRH                            0000010F
EECON1                            0000018C
EECON2                            0000018D
EEDAT                             0000010C
EEDATA                            0000010C
EEDATH                            0000010E
EEIE                              00000004
EEIF                              00000004
EEPGD                             00000007
F                                 00000001
FERR                              00000002
FSR                               00000004
FVREN                             00000000
GCEN                              00000007
GIE                               00000007
GO                                00000001
GO_DONE                           00000001
GO_NOT_DONE                       00000001
HTS                               00000002
I                                 00000020
I2C_DATA                          00000005
I2C_READ                          00000002
I2C_START                         00000003
I2C_STOP                          00000004
ILOOP                             00000095
INDF                              00000000
INICIO                            00000017
INTCON                            0000000B
MPASM 5.87                     INICIALES.ASM   3-24-2021  22:00:18         PAGE 10


SYMBOL TABLE
  LABEL                             VALUE 

INTE                              00000004
INTEDG                            00000006
INTF                              00000001
IOCB                              00000096
IOCB0                             00000000
IOCB1                             00000001
IOCB2                             00000002
IOCB3                             00000003
IOCB4                             00000004
IOCB5                             00000005
IOCB6                             00000006
IOCB7                             00000007
IRCF0                             00000004
IRCF1                             00000005
IRCF2                             00000006
IRP                               00000007
J                                 00000021
JLOOP                             00000099
K                                 00000022
KLOOP                             0000009D
L                                 00000030
LETRA1                            00000017
LETRA2                            0000002A
LETRA3                            00000047
LETRA4                            0000005A
LLOOP                             00000072
LTS                               00000001
M                                 00000031
MC1OUT                            00000007
MC2OUT                            00000006
MLOOP                             00000079
MSK                               00000093
MSK0                              00000000
MSK1                              00000001
MSK2                              00000002
MSK3                              00000003
MSK4                              00000004
MSK5                              00000005
MSK6                              00000006
MSK7                              00000007
N                                 00000032
NLOOP                             0000007D
NOT_A                             00000005
NOT_ADDRESS                       00000005
NOT_BO                            00000000
NOT_BOR                           00000000
NOT_DONE                          00000001
NOT_PD                            00000003
NOT_POR                           00000001
NOT_RBPU                          00000007
NOT_RC8                           00000006
NOT_T1SYNC                        00000002
NOT_TO                            00000004
MPASM 5.87                     INICIALES.ASM   3-24-2021  22:00:18         PAGE 11


SYMBOL TABLE
  LABEL                             VALUE 

NOT_TX8                           00000006
NOT_W                             00000002
NOT_WRITE                         00000002
OERR                              00000001
OPTION_REG                        00000081
OSCCON                            0000008F
OSCTUNE                           00000090
OSFIE                             00000007
OSFIF                             00000007
OSTS                              00000003
P                                 00000004
P1M0                              00000006
P1M1                              00000007
PCL                               00000002
PCLATH                            0000000A
PCON                              0000008E
PDC0                              00000000
PDC1                              00000001
PDC2                              00000002
PDC3                              00000003
PDC4                              00000004
PDC5                              00000005
PDC6                              00000006
PEIE                              00000006
PEN                               00000002
PIE1                              0000008C
PIE2                              0000008D
PIR1                              0000000C
PIR2                              0000000D
PORTA                             00000005
PORTB                             00000006
PORTC                             00000007
PORTD                             00000008
PORTE                             00000009
PR2                               00000092
PRSEN                             00000007
PS0                               00000000
PS1                               00000001
PS2                               00000002
PSA                               00000003
PSSAC0                            00000002
PSSAC1                            00000003
PSSBD0                            00000000
PSSBD1                            00000001
PSTRCON                           0000009D
PULSR                             00000002
PULSS                             00000003
PWM1CON                           0000009B
R                                 00000002
RA0                               00000000
RA1                               00000001
RA2                               00000002
RA3                               00000003
MPASM 5.87                     INICIALES.ASM   3-24-2021  22:00:18         PAGE 12


SYMBOL TABLE
  LABEL                             VALUE 

RA4                               00000004
RA5                               00000005
RA6                               00000006
RA7                               00000007
RB0                               00000000
RB1                               00000001
RB2                               00000002
RB3                               00000003
RB4                               00000004
RB5                               00000005
RB6                               00000006
RB7                               00000007
RBIE                              00000003
RBIF                              00000000
RC0                               00000000
RC1                               00000001
RC2                               00000002
RC3                               00000003
RC4                               00000004
RC5                               00000005
RC6                               00000006
RC7                               00000007
RC8_9                             00000006
RC9                               00000006
RCD8                              00000000
RCEN                              00000003
RCIDL                             00000006
RCIE                              00000005
RCIF                              00000005
RCREG                             0000001A
RCSTA                             00000018
RD                                00000000
RD0                               00000000
RD1                               00000001
RD2                               00000002
RD3                               00000003
RD4                               00000004
RD5                               00000005
RD6                               00000006
RD7                               00000007
RE0                               00000000
RE1                               00000001
RE2                               00000002
RE3                               00000003
READ_WRITE                        00000002
RP0                               00000005
RP1                               00000006
RSEN                              00000001
RX9                               00000006
RX9D                              00000000
R_NOT_W                           00000002
R_W                               00000002
S                                 00000003
MPASM 5.87                     INICIALES.ASM   3-24-2021  22:00:18         PAGE 13


SYMBOL TABLE
  LABEL                             VALUE 

SBOREN                            00000004
SCKP                              00000004
SCS                               00000000
SEN                               00000000
SENDB                             00000003
SMP                               00000007
SPBRG                             00000099
SPBRGH                            0000009A
SPEN                              00000007
SR0                               00000006
SR1                               00000007
SRCON                             00000185
SREN                              00000005
SSPADD                            00000093
SSPBUF                            00000013
SSPCON                            00000014
SSPCON2                           00000091
SSPEN                             00000005
SSPIE                             00000003
SSPIF                             00000003
SSPM0                             00000000
SSPM1                             00000001
SSPM2                             00000002
SSPM3                             00000003
SSPMSK                            00000093
SSPOV                             00000006
SSPSTAT                           00000094
START                             00000000
STATUS                            00000003
STRA                              00000000
STRB                              00000001
STRC                              00000002
STRD                              00000003
STRSYNC                           00000004
SWDTEN                            00000000
SYNC                              00000004
T0CS                              00000005
T0IE                              00000005
T0IF                              00000002
T0SE                              00000004
T1CKPS0                           00000004
T1CKPS1                           00000005
T1CON                             00000010
T1GINV                            00000007
T1GIV                             00000007
T1GSS                             00000001
T1INSYNC                          00000002
T1OSCEN                           00000003
T1SYNC                            00000002
T2CKPS0                           00000000
T2CKPS1                           00000001
T2CON                             00000012
TIEMPO                            00000084
MPASM 5.87                     INICIALES.ASM   3-24-2021  22:00:18         PAGE 14


SYMBOL TABLE
  LABEL                             VALUE 

TMR0                              00000001
TMR0IE                            00000005
TMR0IF                            00000002
TMR1                              0000000E
TMR1CS                            00000001
TMR1GE                            00000006
TMR1H                             0000000F
TMR1IE                            00000000
TMR1IF                            00000000
TMR1L                             0000000E
TMR1ON                            00000000
TMR2                              00000011
TMR2IE                            00000001
TMR2IF                            00000001
TMR2ON                            00000002
TOUTPS0                           00000003
TOUTPS1                           00000004
TOUTPS2                           00000005
TOUTPS3                           00000006
TRISA                             00000085
TRISA0                            00000000
TRISA1                            00000001
TRISA2                            00000002
TRISA3                            00000003
TRISA4                            00000004
TRISA5                            00000005
TRISA6                            00000006
TRISA7                            00000007
TRISB                             00000086
TRISB0                            00000000
TRISB1                            00000001
TRISB2                            00000002
TRISB3                            00000003
TRISB4                            00000004
TRISB5                            00000005
TRISB6                            00000006
TRISB7                            00000007
TRISC                             00000087
TRISC0                            00000000
TRISC1                            00000001
TRISC2                            00000002
TRISC3                            00000003
TRISC4                            00000004
TRISC5                            00000005
TRISC6                            00000006
TRISC7                            00000007
TRISD                             00000088
TRISD0                            00000000
TRISD1                            00000001
TRISD2                            00000002
TRISD3                            00000003
TRISD4                            00000004
TRISD5                            00000005
MPASM 5.87                     INICIALES.ASM   3-24-2021  22:00:18         PAGE 15


SYMBOL TABLE
  LABEL                             VALUE 

TRISD6                            00000006
TRISD7                            00000007
TRISE                             00000089
TRISE0                            00000000
TRISE1                            00000001
TRISE2                            00000002
TRISE3                            00000003
TRMT                              00000001
TUN0                              00000000
TUN1                              00000001
TUN2                              00000002
TUN3                              00000003
TUN4                              00000004
TX8_9                             00000006
TX9                               00000006
TX9D                              00000000
TXD8                              00000000
TXEN                              00000005
TXIE                              00000004
TXIF                              00000004
TXREG                             00000019
TXSTA                             00000098
UA                                00000001
ULPWUE                            00000005
ULPWUIE                           00000002
ULPWUIF                           00000002
VCFG0                             00000004
VCFG1                             00000005
VR0                               00000000
VR1                               00000001
VR2                               00000002
VR3                               00000003
VRCON                             00000097
VREN                              00000007
VROE                              00000006
VRR                               00000005
VRSS                              00000004
W                                 00000000
WCOL                              00000007
WDTCON                            00000105
WDTPS0                            00000001
WDTPS1                            00000002
WDTPS2                            00000003
WDTPS3                            00000004
WPUB                              00000095
WPUB0                             00000000
WPUB1                             00000001
WPUB2                             00000002
WPUB3                             00000003
WPUB4                             00000004
WPUB5                             00000005
WPUB6                             00000006
WPUB7                             00000007
MPASM 5.87                     INICIALES.ASM   3-24-2021  22:00:18         PAGE 16


SYMBOL TABLE
  LABEL                             VALUE 

WR                                00000001
WREN                              00000002
WRERR                             00000003
WUE                               00000001
Z                                 00000002
_BOR21V                           00003EFF
_BOR40V                           00003FFF
_BOR4V_BOR21V                     00003EFF
_BOR4V_BOR40V                     00003FFF
_BOREN_NSLEEP                     00003EFF
_BOREN_OFF                        00003CFF
_BOREN_ON                         00003FFF
_BOREN_SBODEN                     00003DFF
_BOR_NSLEEP                       00003EFF
_BOR_OFF                          00003CFF
_BOR_ON                           00003FFF
_BOR_SBODEN                       00003DFF
_CONFIG1                          00002007
_CONFIG2                          00002008
_CPD_OFF                          00003FFF
_CPD_ON                           00003F7F
_CP_OFF                           00003FFF
_CP_ON                            00003FBF
_DEBUG_OFF                        00003FFF
_DEBUG_ON                         00001FFF
_DEVID1                           00002006
_EC_OSC                           00003FFB
_EXTRC                            00003FFF
_EXTRCIO                          00003FFE
_EXTRC_OSC_CLKOUT                 00003FFF
_EXTRC_OSC_NOCLKOUT               00003FFE
_FCMEN_OFF                        000037FF
_FCMEN_ON                         00003FFF
_FOSC_EC                          00003FFB
_FOSC_EXTRC_CLKOUT                00003FFF
_FOSC_EXTRC_NOCLKOUT              00003FFE
_FOSC_HS                          00003FFA
_FOSC_INTRC_CLKOUT                00003FFD
_FOSC_INTRC_NOCLKOUT              00003FFC
_FOSC_LP                          00003FF8
_FOSC_XT                          00003FF9
_HS_OSC                           00003FFA
_IDLOC0                           00002000
_IDLOC1                           00002001
_IDLOC2                           00002002
_IDLOC3                           00002003
_IESO_OFF                         00003BFF
_IESO_ON                          00003FFF
_INTOSC                           00003FFD
_INTOSCIO                         00003FFC
_INTRC_OSC_CLKOUT                 00003FFD
_INTRC_OSC_NOCLKOUT               00003FFC
_LP_OSC                           00003FF8
MPASM 5.87                     INICIALES.ASM   3-24-2021  22:00:18         PAGE 17


SYMBOL TABLE
  LABEL                             VALUE 

_LVP_OFF                          00002FFF
_LVP_ON                           00003FFF
_MAIN_PROG_00A6                   000000A6
_MCLRE_OFF                        00003FDF
_MCLRE_ON                         00003FFF
_PWRTE_OFF                        00003FFF
_PWRTE_ON                         00003FEF
_WDTE_OFF                         00003FF7
_WDTE_ON                          00003FFF
_WDT_OFF                          00003FF7
_WDT_ON                           00003FFF
_WRT_1FOURTH                      00003BFF
_WRT_256                          00003DFF
_WRT_HALF                         000039FF
_WRT_OFF                          00003FFF
_XT_OSC                           00003FF9
__16F887                          00000001
c                                 00000045
i                                 00000040
j                                 00000042
k                                 00000044
loopi                             0000008A
loopj                             00000086
loopk                             00000088

Errors   :     0
Warnings :    41 reported,     0 suppressed
Messages :     7 reported,     0 suppressed

