Message[302] C:\USERS\ANGEL\ONEDRIVE\DESKTOP\INICIALES.X\INICIALES.ASM 27 : Register in operand not in bank 0.  Ensure that bank bits are correct.
Message[302] C:\USERS\ANGEL\ONEDRIVE\DESKTOP\INICIALES.X\INICIALES.ASM 28 : Register in operand not in bank 0.  Ensure that bank bits are correct.
Message[302] C:\USERS\ANGEL\ONEDRIVE\DESKTOP\INICIALES.X\INICIALES.ASM 30 : Register in operand not in bank 0.  Ensure that bank bits are correct.
Message[302] C:\USERS\ANGEL\ONEDRIVE\DESKTOP\INICIALES.X\INICIALES.ASM 31 : Register in operand not in bank 0.  Ensure that bank bits are correct.
Message[302] C:\USERS\ANGEL\ONEDRIVE\DESKTOP\INICIALES.X\INICIALES.ASM 32 : Register in operand not in bank 0.  Ensure that bank bits are correct.
Message[302] C:\USERS\ANGEL\ONEDRIVE\DESKTOP\INICIALES.X\INICIALES.ASM 33 : Register in operand not in bank 0.  Ensure that bank bits are correct.
Message[302] C:\USERS\ANGEL\ONEDRIVE\DESKTOP\INICIALES.X\INICIALES.ASM 34 : Register in operand not in bank 0.  Ensure that bank bits are correct.
Warning[207] C:\USERS\ANGEL\ONEDRIVE\DESKTOP\INICIALES.X\INICIALES.ASM 45 : Found label after column 1. (LETRA1)
Warning[207] C:\USERS\ANGEL\ONEDRIVE\DESKTOP\INICIALES.X\INICIALES.ASM 73 : Found label after column 1. (LETRA2)
Warning[207] C:\USERS\ANGEL\ONEDRIVE\DESKTOP\INICIALES.X\INICIALES.ASM 111 : Found label after column 1. (LETRA3)
Warning[207] C:\USERS\ANGEL\ONEDRIVE\DESKTOP\INICIALES.X\INICIALES.ASM 137 : Found label after column 1. (LETRA4)
Warning[203] C:\USERS\ANGEL\ONEDRIVE\DESKTOP\INICIALES.X\INICIALES.ASM 165 : Found opcode in column 1. (NOP)
Warning[203] C:\USERS\ANGEL\ONEDRIVE\DESKTOP\INICIALES.X\INICIALES.ASM 166 : Found opcode in column 1. (NOP)
Warning[203] C:\USERS\ANGEL\ONEDRIVE\DESKTOP\INICIALES.X\INICIALES.ASM 167 : Found opcode in column 1. (MOVLW)
Warning[203] C:\USERS\ANGEL\ONEDRIVE\DESKTOP\INICIALES.X\INICIALES.ASM 168 : Found opcode in column 1. (MOVWF)
Warning[203] C:\USERS\ANGEL\ONEDRIVE\DESKTOP\INICIALES.X\INICIALES.ASM 170 : Found opcode in column 1. (NOP)
Warning[203] C:\USERS\ANGEL\ONEDRIVE\DESKTOP\INICIALES.X\INICIALES.ASM 171 : Found opcode in column 1. (NOP)
Warning[203] C:\USERS\ANGEL\ONEDRIVE\DESKTOP\INICIALES.X\INICIALES.ASM 172 : Found opcode in column 1. (NOP)
Warning[203] C:\USERS\ANGEL\ONEDRIVE\DESKTOP\INICIALES.X\INICIALES.ASM 173 : Found opcode in column 1. (NOP)
Warning[203] C:\USERS\ANGEL\ONEDRIVE\DESKTOP\INICIALES.X\INICIALES.ASM 174 : Found opcode in column 1. (NOP)
Warning[203] C:\USERS\ANGEL\ONEDRIVE\DESKTOP\INICIALES.X\INICIALES.ASM 175 : Found opcode in column 1. (MOVLW)
Warning[203] C:\USERS\ANGEL\ONEDRIVE\DESKTOP\INICIALES.X\INICIALES.ASM 176 : Found opcode in column 1. (MOVWF)
Warning[203] C:\USERS\ANGEL\ONEDRIVE\DESKTOP\INICIALES.X\INICIALES.ASM 178 : Found opcode in column 1. (NOP)
Warning[203] C:\USERS\ANGEL\ONEDRIVE\DESKTOP\INICIALES.X\INICIALES.ASM 179 : Found opcode in column 1. (MOVLW)
Warning[203] C:\USERS\ANGEL\ONEDRIVE\DESKTOP\INICIALES.X\INICIALES.ASM 180 : Found opcode in column 1. (MOVWF)
Warning[203] C:\USERS\ANGEL\ONEDRIVE\DESKTOP\INICIALES.X\INICIALES.ASM 181 : Found opcode in column 1. (NOP)
Warning[203] C:\USERS\ANGEL\ONEDRIVE\DESKTOP\INICIALES.X\INICIALES.ASM 183 : Found opcode in column 1. (DECFSZ)
Warning[203] C:\USERS\ANGEL\ONEDRIVE\DESKTOP\INICIALES.X\INICIALES.ASM 184 : Found opcode in column 1. (GOTO)
Warning[203] C:\USERS\ANGEL\ONEDRIVE\DESKTOP\INICIALES.X\INICIALES.ASM 185 : Found opcode in column 1. (DECFSZ)
Warning[203] C:\USERS\ANGEL\ONEDRIVE\DESKTOP\INICIALES.X\INICIALES.ASM 186 : Found opcode in column 1. (GOTO)
Warning[203] C:\USERS\ANGEL\ONEDRIVE\DESKTOP\INICIALES.X\INICIALES.ASM 187 : Found opcode in column 1. (DECFSZ)
Warning[203] C:\USERS\ANGEL\ONEDRIVE\DESKTOP\INICIALES.X\INICIALES.ASM 188 : Found opcode in column 1. (GOTO)
Warning[203] C:\USERS\ANGEL\ONEDRIVE\DESKTOP\INICIALES.X\INICIALES.ASM 189 : Found opcode in column 1. (RETURN)
Warning[203] C:\USERS\ANGEL\ONEDRIVE\DESKTOP\INICIALES.X\INICIALES.ASM 191 : Found opcode in column 1. (MOVLW)
Warning[203] C:\USERS\ANGEL\ONEDRIVE\DESKTOP\INICIALES.X\INICIALES.ASM 192 : Found opcode in column 1. (MOVWF)
Warning[203] C:\USERS\ANGEL\ONEDRIVE\DESKTOP\INICIALES.X\INICIALES.ASM 194 : Found opcode in column 1. (MOVLW)
Warning[203] C:\USERS\ANGEL\ONEDRIVE\DESKTOP\INICIALES.X\INICIALES.ASM 195 : Found opcode in column 1. (MOVWF)
Warning[203] C:\USERS\ANGEL\ONEDRIVE\DESKTOP\INICIALES.X\INICIALES.ASM 197 : Found opcode in column 1. (MOVLW)
Warning[203] C:\USERS\ANGEL\ONEDRIVE\DESKTOP\INICIALES.X\INICIALES.ASM 198 : Found opcode in column 1. (MOVWF)
Warning[203] C:\USERS\ANGEL\ONEDRIVE\DESKTOP\INICIALES.X\INICIALES.ASM 200 : Found opcode in column 1. (NOP)
Warning[203] C:\USERS\ANGEL\ONEDRIVE\DESKTOP\INICIALES.X\INICIALES.ASM 201 : Found opcode in column 1. (NOP)
Warning[203] C:\USERS\ANGEL\ONEDRIVE\DESKTOP\INICIALES.X\INICIALES.ASM 202 : Found opcode in column 1. (DECFSZ)
Warning[203] C:\USERS\ANGEL\ONEDRIVE\DESKTOP\INICIALES.X\INICIALES.ASM 203 : Found opcode in column 1. (GOTO)
Warning[203] C:\USERS\ANGEL\ONEDRIVE\DESKTOP\INICIALES.X\INICIALES.ASM 204 : Found opcode in column 1. (DECFSZ)
Warning[203] C:\USERS\ANGEL\ONEDRIVE\DESKTOP\INICIALES.X\INICIALES.ASM 205 : Found opcode in column 1. (GOTO)
Warning[203] C:\USERS\ANGEL\ONEDRIVE\DESKTOP\INICIALES.X\INICIALES.ASM 206 : Found opcode in column 1. (DECFSZ)
Warning[203] C:\USERS\ANGEL\ONEDRIVE\DESKTOP\INICIALES.X\INICIALES.ASM 207 : Found opcode in column 1. (GOTO)
Warning[203] C:\USERS\ANGEL\ONEDRIVE\DESKTOP\INICIALES.X\INICIALES.ASM 208 : Found opcode in column 1. (RETURN)
